{"C:\\Users\\pyrie\\Desktop\\CourtMaster\\court-master\\database.js": {"path":"C:\\Users\\pyrie\\Desktop\\CourtMaster\\court-master\\database.js","statementMap":{"0":{"start":{"line":2,"column":17},"end":{"line":2,"column":30}},"1":{"start":{"line":4,"column":13},"end":{"line":10,"column":2}},"2":{"start":{"line":13,"column":17},"end":{"line":13,"column":37}},"3":{"start":{"line":15,"column":2},"end":{"line":28,"column":3}},"4":{"start":{"line":16,"column":21},"end":{"line":19,"column":7}},"5":{"start":{"line":21,"column":27},"end":{"line":21,"column":41}},"6":{"start":{"line":22,"column":6},"end":{"line":22,"column":26}},"7":{"start":{"line":24,"column":6},"end":{"line":24,"column":52}},"8":{"start":{"line":25,"column":6},"end":{"line":25,"column":18}},"9":{"start":{"line":27,"column":6},"end":{"line":27,"column":23}},"10":{"start":{"line":33,"column":2},"end":{"line":44,"column":3}},"11":{"start":{"line":34,"column":19},"end":{"line":34,"column":90}},"12":{"start":{"line":36,"column":4},"end":{"line":40,"column":5}},"13":{"start":{"line":37,"column":6},"end":{"line":37,"column":28}},"14":{"start":{"line":39,"column":6},"end":{"line":39,"column":18}},"15":{"start":{"line":42,"column":4},"end":{"line":42,"column":61}},"16":{"start":{"line":43,"column":4},"end":{"line":43,"column":16}},"17":{"start":{"line":48,"column":2},"end":{"line":59,"column":3}},"18":{"start":{"line":49,"column":19},"end":{"line":49,"column":100}},"19":{"start":{"line":51,"column":4},"end":{"line":55,"column":5}},"20":{"start":{"line":52,"column":6},"end":{"line":52,"column":28}},"21":{"start":{"line":54,"column":6},"end":{"line":54,"column":18}},"22":{"start":{"line":57,"column":4},"end":{"line":57,"column":61}},"23":{"start":{"line":58,"column":4},"end":{"line":58,"column":16}},"24":{"start":{"line":63,"column":2},"end":{"line":74,"column":3}},"25":{"start":{"line":64,"column":19},"end":{"line":64,"column":92}},"26":{"start":{"line":66,"column":4},"end":{"line":70,"column":5}},"27":{"start":{"line":67,"column":6},"end":{"line":67,"column":28}},"28":{"start":{"line":69,"column":6},"end":{"line":69,"column":18}},"29":{"start":{"line":72,"column":4},"end":{"line":72,"column":60}},"30":{"start":{"line":73,"column":4},"end":{"line":73,"column":16}},"31":{"start":{"line":78,"column":2},"end":{"line":85,"column":3}},"32":{"start":{"line":79,"column":18},"end":{"line":79,"column":75}},"33":{"start":{"line":80,"column":19},"end":{"line":80,"column":67}},"34":{"start":{"line":81,"column":4},"end":{"line":81,"column":26}},"35":{"start":{"line":83,"column":4},"end":{"line":83,"column":58}},"36":{"start":{"line":84,"column":4},"end":{"line":84,"column":16}},"37":{"start":{"line":88,"column":0},"end":{"line":88,"column":115}}},"fnMap":{"0":{"name":"insertUser","decl":{"start":{"line":12,"column":15},"end":{"line":12,"column":25}},"loc":{"start":{"line":12,"column":58},"end":{"line":29,"column":1}},"line":12},"1":{"name":"getUserByUsername","decl":{"start":{"line":32,"column":15},"end":{"line":32,"column":32}},"loc":{"start":{"line":32,"column":43},"end":{"line":45,"column":1}},"line":32},"2":{"name":"deleteUserByUsername","decl":{"start":{"line":47,"column":15},"end":{"line":47,"column":35}},"loc":{"start":{"line":47,"column":46},"end":{"line":60,"column":1}},"line":47},"3":{"name":"deleteUserById","decl":{"start":{"line":62,"column":15},"end":{"line":62,"column":29}},"loc":{"start":{"line":62,"column":38},"end":{"line":75,"column":1}},"line":62},"4":{"name":"updateUserPassword","decl":{"start":{"line":77,"column":15},"end":{"line":77,"column":33}},"loc":{"start":{"line":77,"column":57},"end":{"line":86,"column":1}},"line":77}},"branchMap":{"0":{"loc":{"start":{"line":36,"column":4},"end":{"line":40,"column":5}},"type":"if","locations":[{"start":{"line":36,"column":4},"end":{"line":40,"column":5}},{"start":{"line":38,"column":11},"end":{"line":40,"column":5}}],"line":36},"1":{"loc":{"start":{"line":51,"column":4},"end":{"line":55,"column":5}},"type":"if","locations":[{"start":{"line":51,"column":4},"end":{"line":55,"column":5}},{"start":{"line":53,"column":11},"end":{"line":55,"column":5}}],"line":51},"2":{"loc":{"start":{"line":66,"column":4},"end":{"line":70,"column":5}},"type":"if","locations":[{"start":{"line":66,"column":4},"end":{"line":70,"column":5}},{"start":{"line":68,"column":11},"end":{"line":70,"column":5}}],"line":66}},"s":{"0":3,"1":3,"2":7,"3":6,"4":6,"5":5,"6":5,"7":1,"8":1,"9":6,"10":9,"11":9,"12":8,"13":6,"14":2,"15":1,"16":1,"17":8,"18":8,"19":7,"20":4,"21":3,"22":1,"23":1,"24":4,"25":4,"26":3,"27":1,"28":2,"29":1,"30":1,"31":4,"32":4,"33":4,"34":3,"35":1,"36":1,"37":3},"f":{"0":7,"1":9,"2":8,"3":4,"4":4},"b":{"0":[6,2],"1":[4,3],"2":[1,2]},"_coverageSchema":"1a1c01bbd47fc00a2c39e90264f33305004495a9","hash":"2f580ee855ecb8acea302bbb7062c1f54450a9da"}
,"C:\\Users\\pyrie\\Desktop\\CourtMaster\\court-master\\server.js": {"path":"C:\\Users\\pyrie\\Desktop\\CourtMaster\\court-master\\server.js","statementMap":{"0":{"start":{"line":2,"column":16},"end":{"line":2,"column":34}},"1":{"start":{"line":3,"column":13},"end":{"line":3,"column":28}},"2":{"start":{"line":4,"column":21},"end":{"line":4,"column":45}},"3":{"start":{"line":5,"column":18},"end":{"line":5,"column":47}},"4":{"start":{"line":6,"column":48},"end":{"line":6,"column":72}},"5":{"start":{"line":7,"column":19},"end":{"line":7,"column":41}},"6":{"start":{"line":8,"column":18},"end":{"line":8,"column":54}},"7":{"start":{"line":9,"column":21},"end":{"line":9,"column":60}},"8":{"start":{"line":10,"column":19},"end":{"line":10,"column":56}},"9":{"start":{"line":11,"column":35},"end":{"line":11,"column":54}},"10":{"start":{"line":12,"column":12},"end":{"line":12,"column":35}},"11":{"start":{"line":13,"column":26},"end":{"line":13,"column":65}},"12":{"start":{"line":17,"column":4},"end":{"line":17,"column":39}},"13":{"start":{"line":21,"column":12},"end":{"line":21,"column":21}},"14":{"start":{"line":22,"column":13},"end":{"line":22,"column":39}},"15":{"start":{"line":25,"column":0},"end":{"line":25,"column":16}},"16":{"start":{"line":27,"column":0},"end":{"line":27,"column":27}},"17":{"start":{"line":30,"column":23},"end":{"line":60,"column":1}},"18":{"start":{"line":65,"column":20},"end":{"line":65,"column":48}},"19":{"start":{"line":67,"column":19},"end":{"line":67,"column":68}},"20":{"start":{"line":69,"column":0},"end":{"line":72,"column":1}},"21":{"start":{"line":71,"column":2},"end":{"line":71,"column":42}},"22":{"start":{"line":76,"column":0},"end":{"line":76,"column":68}},"23":{"start":{"line":80,"column":18},"end":{"line":84,"column":3}},"24":{"start":{"line":87,"column":16},"end":{"line":87,"column":74}},"25":{"start":{"line":88,"column":2},"end":{"line":88,"column":15}},"26":{"start":{"line":93,"column":0},"end":{"line":93,"column":40}},"27":{"start":{"line":94,"column":0},"end":{"line":94,"column":37}},"28":{"start":{"line":95,"column":0},"end":{"line":95,"column":35}},"29":{"start":{"line":97,"column":0},"end":{"line":100,"column":3}},"30":{"start":{"line":99,"column":2},"end":{"line":99,"column":35}},"31":{"start":{"line":103,"column":0},"end":{"line":116,"column":3}},"32":{"start":{"line":104,"column":39},"end":{"line":104,"column":47}},"33":{"start":{"line":107,"column":2},"end":{"line":115,"column":3}},"34":{"start":{"line":108,"column":25},"end":{"line":108,"column":67}},"35":{"start":{"line":111,"column":4},"end":{"line":111,"column":52}},"36":{"start":{"line":113,"column":4},"end":{"line":113,"column":46}},"37":{"start":{"line":114,"column":4},"end":{"line":114,"column":77}},"38":{"start":{"line":118,"column":0},"end":{"line":127,"column":3}},"39":{"start":{"line":119,"column":19},"end":{"line":119,"column":28}},"40":{"start":{"line":120,"column":15},"end":{"line":120,"column":48}},"41":{"start":{"line":122,"column":2},"end":{"line":126,"column":3}},"42":{"start":{"line":123,"column":4},"end":{"line":123,"column":19}},"43":{"start":{"line":125,"column":4},"end":{"line":125,"column":54}},"44":{"start":{"line":129,"column":0},"end":{"line":165,"column":3}},"45":{"start":{"line":130,"column":33},"end":{"line":130,"column":41}},"46":{"start":{"line":132,"column":2},"end":{"line":164,"column":3}},"47":{"start":{"line":134,"column":17},"end":{"line":134,"column":50}},"48":{"start":{"line":136,"column":4},"end":{"line":160,"column":5}},"49":{"start":{"line":138,"column":29},"end":{"line":138,"column":78}},"50":{"start":{"line":140,"column":6},"end":{"line":156,"column":7}},"51":{"start":{"line":142,"column":8},"end":{"line":142,"column":36}},"52":{"start":{"line":143,"column":22},"end":{"line":143,"column":41}},"53":{"start":{"line":144,"column":23},"end":{"line":144,"column":30}},"54":{"start":{"line":145,"column":31},"end":{"line":145,"column":34}},"55":{"start":{"line":146,"column":8},"end":{"line":146,"column":52}},"56":{"start":{"line":149,"column":8},"end":{"line":149,"column":31}},"57":{"start":{"line":151,"column":8},"end":{"line":151,"column":80}},"58":{"start":{"line":155,"column":8},"end":{"line":155,"column":78}},"59":{"start":{"line":159,"column":6},"end":{"line":159,"column":74}},"60":{"start":{"line":162,"column":4},"end":{"line":162,"column":56}},"61":{"start":{"line":163,"column":4},"end":{"line":163,"column":77}},"62":{"start":{"line":169,"column":0},"end":{"line":171,"column":3}},"63":{"start":{"line":170,"column":2},"end":{"line":170,"column":88}},"64":{"start":{"line":174,"column":0},"end":{"line":182,"column":3}},"65":{"start":{"line":175,"column":2},"end":{"line":181,"column":3}},"66":{"start":{"line":176,"column":4},"end":{"line":176,"column":27}},"67":{"start":{"line":177,"column":4},"end":{"line":177,"column":11}},"68":{"start":{"line":179,"column":4},"end":{"line":179,"column":72}},"69":{"start":{"line":180,"column":4},"end":{"line":180,"column":16}},"70":{"start":{"line":184,"column":0},"end":{"line":187,"column":3}},"71":{"start":{"line":185,"column":2},"end":{"line":185,"column":37}},"72":{"start":{"line":186,"column":2},"end":{"line":186,"column":75}},"73":{"start":{"line":191,"column":0},"end":{"line":195,"column":1}},"74":{"start":{"line":192,"column":2},"end":{"line":194,"column":5}},"75":{"start":{"line":193,"column":4},"end":{"line":193,"column":45}},"76":{"start":{"line":198,"column":0},"end":{"line":198,"column":21}}},"fnMap":{"0":{"name":"generateToken","decl":{"start":{"line":79,"column":9},"end":{"line":79,"column":22}},"loc":{"start":{"line":79,"column":29},"end":{"line":89,"column":1}},"line":79},"1":{"name":"(anonymous_1)","decl":{"start":{"line":97,"column":40},"end":{"line":97,"column":41}},"loc":{"start":{"line":97,"column":54},"end":{"line":100,"column":1}},"line":97},"2":{"name":"(anonymous_2)","decl":{"start":{"line":103,"column":26},"end":{"line":103,"column":27}},"loc":{"start":{"line":103,"column":46},"end":{"line":116,"column":1}},"line":103},"3":{"name":"(anonymous_3)","decl":{"start":{"line":118,"column":39},"end":{"line":118,"column":40}},"loc":{"start":{"line":118,"column":59},"end":{"line":127,"column":1}},"line":118},"4":{"name":"(anonymous_4)","decl":{"start":{"line":129,"column":25},"end":{"line":129,"column":26}},"loc":{"start":{"line":129,"column":45},"end":{"line":165,"column":1}},"line":129},"5":{"name":"(anonymous_5)","decl":{"start":{"line":169,"column":13},"end":{"line":169,"column":14}},"loc":{"start":{"line":169,"column":27},"end":{"line":171,"column":1}},"line":169},"6":{"name":"(anonymous_6)","decl":{"start":{"line":174,"column":8},"end":{"line":174,"column":9}},"loc":{"start":{"line":174,"column":28},"end":{"line":182,"column":1}},"line":174},"7":{"name":"(anonymous_7)","decl":{"start":{"line":184,"column":8},"end":{"line":184,"column":9}},"loc":{"start":{"line":184,"column":27},"end":{"line":187,"column":1}},"line":184},"8":{"name":"(anonymous_8)","decl":{"start":{"line":192,"column":19},"end":{"line":192,"column":20}},"loc":{"start":{"line":192,"column":25},"end":{"line":194,"column":3}},"line":192}},"branchMap":{"0":{"loc":{"start":{"line":22,"column":13},"end":{"line":22,"column":39}},"type":"binary-expr","locations":[{"start":{"line":22,"column":13},"end":{"line":22,"column":29}},{"start":{"line":22,"column":33},"end":{"line":22,"column":39}}],"line":22},"1":{"loc":{"start":{"line":69,"column":0},"end":{"line":72,"column":1}},"type":"if","locations":[{"start":{"line":69,"column":0},"end":{"line":72,"column":1}},{"start":{},"end":{}}],"line":69},"2":{"loc":{"start":{"line":69,"column":4},"end":{"line":69,"column":69}},"type":"binary-expr","locations":[{"start":{"line":69,"column":4},"end":{"line":69,"column":41}},{"start":{"line":69,"column":45},"end":{"line":69,"column":69}}],"line":69},"3":{"loc":{"start":{"line":122,"column":2},"end":{"line":126,"column":3}},"type":"if","locations":[{"start":{"line":122,"column":2},"end":{"line":126,"column":3}},{"start":{"line":124,"column":9},"end":{"line":126,"column":3}}],"line":122},"4":{"loc":{"start":{"line":136,"column":4},"end":{"line":160,"column":5}},"type":"if","locations":[{"start":{"line":136,"column":4},"end":{"line":160,"column":5}},{"start":{"line":157,"column":11},"end":{"line":160,"column":5}}],"line":136},"5":{"loc":{"start":{"line":136,"column":8},"end":{"line":136,"column":34}},"type":"binary-expr","locations":[{"start":{"line":136,"column":8},"end":{"line":136,"column":12}},{"start":{"line":136,"column":16},"end":{"line":136,"column":34}}],"line":136},"6":{"loc":{"start":{"line":140,"column":6},"end":{"line":156,"column":7}},"type":"if","locations":[{"start":{"line":140,"column":6},"end":{"line":156,"column":7}},{"start":{"line":153,"column":13},"end":{"line":156,"column":7}}],"line":140},"7":{"loc":{"start":{"line":191,"column":0},"end":{"line":195,"column":1}},"type":"if","locations":[{"start":{"line":191,"column":0},"end":{"line":195,"column":1}},{"start":{},"end":{}}],"line":191}},"s":{"0":2,"1":2,"2":2,"3":2,"4":2,"5":2,"6":2,"7":2,"8":2,"9":2,"10":2,"11":2,"12":2,"13":2,"14":2,"15":2,"16":2,"17":2,"18":2,"19":2,"20":2,"21":0,"22":2,"23":0,"24":0,"25":0,"26":2,"27":2,"28":2,"29":2,"30":0,"31":2,"32":0,"33":0,"34":0,"35":0,"36":0,"37":0,"38":2,"39":0,"40":0,"41":0,"42":0,"43":0,"44":2,"45":0,"46":0,"47":0,"48":0,"49":0,"50":0,"51":0,"52":0,"53":0,"54":0,"55":0,"56":0,"57":0,"58":0,"59":0,"60":0,"61":0,"62":2,"63":0,"64":2,"65":0,"66":0,"67":0,"68":0,"69":0,"70":2,"71":0,"72":0,"73":2,"74":0,"75":0,"76":2},"f":{"0":0,"1":0,"2":0,"3":0,"4":0,"5":0,"6":0,"7":0,"8":0},"b":{"0":[2,2],"1":[0,2],"2":[2,0],"3":[0,0],"4":[0,0],"5":[0,0],"6":[0,0],"7":[0,2]},"_coverageSchema":"1a1c01bbd47fc00a2c39e90264f33305004495a9","hash":"336c6296d1be4cc715165df8e8c34046b5ce1a3d"}
,"C:\\Users\\pyrie\\Desktop\\CourtMaster\\court-master\\middleware\\authenticate.js": {"path":"C:\\Users\\pyrie\\Desktop\\CourtMaster\\court-master\\middleware\\authenticate.js","statementMap":{"0":{"start":{"line":3,"column":12},"end":{"line":3,"column":35}},"1":{"start":{"line":7,"column":16},"end":{"line":7,"column":41}},"2":{"start":{"line":8,"column":2},"end":{"line":8,"column":14}},"3":{"start":{"line":12,"column":16},"end":{"line":12,"column":29}},"4":{"start":{"line":13,"column":2},"end":{"line":15,"column":3}},"5":{"start":{"line":14,"column":4},"end":{"line":14,"column":16}},"6":{"start":{"line":16,"column":2},"end":{"line":23,"column":3}},"7":{"start":{"line":17,"column":25},"end":{"line":17,"column":61}},"8":{"start":{"line":19,"column":4},"end":{"line":19,"column":31}},"9":{"start":{"line":21,"column":4},"end":{"line":21,"column":54}},"10":{"start":{"line":22,"column":4},"end":{"line":22,"column":16}},"11":{"start":{"line":29,"column":16},"end":{"line":29,"column":41}},"12":{"start":{"line":32,"column":2},"end":{"line":34,"column":3}},"13":{"start":{"line":33,"column":4},"end":{"line":33,"column":99}},"14":{"start":{"line":36,"column":2},"end":{"line":49,"column":5}},"15":{"start":{"line":37,"column":4},"end":{"line":45,"column":5}},"16":{"start":{"line":38,"column":6},"end":{"line":44,"column":7}},"17":{"start":{"line":39,"column":8},"end":{"line":39,"column":37}},"18":{"start":{"line":41,"column":8},"end":{"line":41,"column":38}},"19":{"start":{"line":43,"column":8},"end":{"line":43,"column":93}},"20":{"start":{"line":48,"column":4},"end":{"line":48,"column":11}},"21":{"start":{"line":53,"column":0},"end":{"line":53,"column":60}}},"fnMap":{"0":{"name":"getToken","decl":{"start":{"line":5,"column":9},"end":{"line":5,"column":17}},"loc":{"start":{"line":6,"column":0},"end":{"line":9,"column":1}},"line":6},"1":{"name":"extractUserId","decl":{"start":{"line":11,"column":9},"end":{"line":11,"column":22}},"loc":{"start":{"line":11,"column":28},"end":{"line":24,"column":1}},"line":11},"2":{"name":"authenticateToken","decl":{"start":{"line":27,"column":9},"end":{"line":27,"column":26}},"loc":{"start":{"line":27,"column":43},"end":{"line":50,"column":1}},"line":27},"3":{"name":"(anonymous_3)","decl":{"start":{"line":36,"column":39},"end":{"line":36,"column":40}},"loc":{"start":{"line":36,"column":54},"end":{"line":49,"column":3}},"line":36}},"branchMap":{"0":{"loc":{"start":{"line":13,"column":2},"end":{"line":15,"column":3}},"type":"if","locations":[{"start":{"line":13,"column":2},"end":{"line":15,"column":3}},{"start":{},"end":{}}],"line":13},"1":{"loc":{"start":{"line":32,"column":2},"end":{"line":34,"column":3}},"type":"if","locations":[{"start":{"line":32,"column":2},"end":{"line":34,"column":3}},{"start":{},"end":{}}],"line":32},"2":{"loc":{"start":{"line":37,"column":4},"end":{"line":45,"column":5}},"type":"if","locations":[{"start":{"line":37,"column":4},"end":{"line":45,"column":5}},{"start":{},"end":{}}],"line":37},"3":{"loc":{"start":{"line":38,"column":6},"end":{"line":44,"column":7}},"type":"if","locations":[{"start":{"line":38,"column":6},"end":{"line":44,"column":7}},{"start":{"line":42,"column":13},"end":{"line":44,"column":7}}],"line":38}},"s":{"0":3,"1":0,"2":0,"3":0,"4":0,"5":0,"6":0,"7":0,"8":0,"9":0,"10":0,"11":29,"12":29,"13":0,"14":29,"15":29,"16":0,"17":0,"18":0,"19":0,"20":29,"21":3},"f":{"0":0,"1":0,"2":29,"3":29},"b":{"0":[0,0],"1":[0,29],"2":[0,29],"3":[0,0]},"_coverageSchema":"1a1c01bbd47fc00a2c39e90264f33305004495a9","hash":"ff039036ca75d3193d2e06ac704c2e350a07e670"}
,"C:\\Users\\pyrie\\Desktop\\CourtMaster\\court-master\\src\\routes\\bookingRoute.js": {"path":"C:\\Users\\pyrie\\Desktop\\CourtMaster\\court-master\\src\\routes\\bookingRoute.js","statementMap":{"0":{"start":{"line":3,"column":16},"end":{"line":3,"column":34}},"1":{"start":{"line":4,"column":26},"end":{"line":4,"column":69}},"2":{"start":{"line":5,"column":15},"end":{"line":5,"column":31}},"3":{"start":{"line":10,"column":21},"end":{"line":186,"column":1}},"4":{"start":{"line":45,"column":4},"end":{"line":57,"column":9}},"5":{"start":{"line":46,"column":8},"end":{"line":56,"column":9}},"6":{"start":{"line":48,"column":25},"end":{"line":48,"column":67}},"7":{"start":{"line":49,"column":27},"end":{"line":49,"column":38}},"8":{"start":{"line":52,"column":10},"end":{"line":52,"column":29}},"9":{"start":{"line":54,"column":10},"end":{"line":54,"column":59}},"10":{"start":{"line":55,"column":10},"end":{"line":55,"column":67}},"11":{"start":{"line":59,"column":6},"end":{"line":77,"column":9}},"12":{"start":{"line":60,"column":8},"end":{"line":76,"column":9}},"13":{"start":{"line":62,"column":10},"end":{"line":62,"column":32}},"14":{"start":{"line":63,"column":25},"end":{"line":63,"column":41}},"15":{"start":{"line":64,"column":10},"end":{"line":64,"column":29}},"16":{"start":{"line":66,"column":24},"end":{"line":66,"column":67}},"17":{"start":{"line":67,"column":25},"end":{"line":67,"column":58}},"18":{"start":{"line":68,"column":27},"end":{"line":68,"column":38}},"19":{"start":{"line":71,"column":10},"end":{"line":71,"column":29}},"20":{"start":{"line":73,"column":10},"end":{"line":73,"column":59}},"21":{"start":{"line":74,"column":10},"end":{"line":74,"column":67}},"22":{"start":{"line":80,"column":4},"end":{"line":115,"column":9}},"23":{"start":{"line":81,"column":8},"end":{"line":114,"column":9}},"24":{"start":{"line":83,"column":50},"end":{"line":83,"column":58}},"25":{"start":{"line":84,"column":10},"end":{"line":84,"column":31}},"26":{"start":{"line":85,"column":10},"end":{"line":85,"column":50}},"27":{"start":{"line":89,"column":39},"end":{"line":89,"column":54}},"28":{"start":{"line":92,"column":32},"end":{"line":92,"column":43}},"29":{"start":{"line":95,"column":24},"end":{"line":98,"column":11}},"30":{"start":{"line":101,"column":12},"end":{"line":101,"column":96}},"31":{"start":{"line":103,"column":32},"end":{"line":104,"column":124}},"32":{"start":{"line":106,"column":12},"end":{"line":106,"column":87}},"33":{"start":{"line":109,"column":10},"end":{"line":109,"column":78}},"34":{"start":{"line":111,"column":10},"end":{"line":111,"column":60}},"35":{"start":{"line":113,"column":10},"end":{"line":113,"column":71}},"36":{"start":{"line":117,"column":4},"end":{"line":137,"column":5}},"37":{"start":{"line":118,"column":6},"end":{"line":136,"column":7}},"38":{"start":{"line":119,"column":32},"end":{"line":119,"column":42}},"39":{"start":{"line":122,"column":24},"end":{"line":125,"column":11}},"40":{"start":{"line":128,"column":10},"end":{"line":128,"column":47}},"41":{"start":{"line":131,"column":10},"end":{"line":131,"column":77}},"42":{"start":{"line":133,"column":10},"end":{"line":133,"column":59}},"43":{"start":{"line":135,"column":10},"end":{"line":135,"column":70}},"44":{"start":{"line":160,"column":4},"end":{"line":181,"column":11}},"45":{"start":{"line":161,"column":8},"end":{"line":180,"column":9}},"46":{"start":{"line":162,"column":38},"end":{"line":162,"column":47}},"47":{"start":{"line":165,"column":26},"end":{"line":169,"column":13}},"48":{"start":{"line":172,"column":27},"end":{"line":172,"column":67}},"49":{"start":{"line":173,"column":36},"end":{"line":173,"column":109}},"50":{"start":{"line":173,"column":59},"end":{"line":173,"column":108}},"51":{"start":{"line":174,"column":12},"end":{"line":174,"column":40}},"52":{"start":{"line":176,"column":12},"end":{"line":176,"column":38}},"53":{"start":{"line":178,"column":12},"end":{"line":178,"column":70}},"54":{"start":{"line":179,"column":12},"end":{"line":179,"column":69}},"55":{"start":{"line":185,"column":2},"end":{"line":185,"column":16}},"56":{"start":{"line":188,"column":0},"end":{"line":188,"column":30}}},"fnMap":{"0":{"name":"(anonymous_0)","decl":{"start":{"line":10,"column":21},"end":{"line":10,"column":22}},"loc":{"start":{"line":10,"column":31},"end":{"line":186,"column":1}},"line":10},"1":{"name":"(anonymous_1)","decl":{"start":{"line":45,"column":41},"end":{"line":45,"column":42}},"loc":{"start":{"line":45,"column":61},"end":{"line":57,"column":7}},"line":45},"2":{"name":"(anonymous_2)","decl":{"start":{"line":59,"column":50},"end":{"line":59,"column":51}},"loc":{"start":{"line":59,"column":70},"end":{"line":77,"column":7}},"line":59},"3":{"name":"(anonymous_3)","decl":{"start":{"line":80,"column":44},"end":{"line":80,"column":45}},"loc":{"start":{"line":80,"column":64},"end":{"line":115,"column":7}},"line":80},"4":{"name":"(anonymous_4)","decl":{"start":{"line":117,"column":59},"end":{"line":117,"column":60}},"loc":{"start":{"line":117,"column":79},"end":{"line":137,"column":3}},"line":117},"5":{"name":"(anonymous_5)","decl":{"start":{"line":160,"column":51},"end":{"line":160,"column":52}},"loc":{"start":{"line":160,"column":71},"end":{"line":181,"column":9}},"line":160},"6":{"name":"(anonymous_6)","decl":{"start":{"line":173,"column":52},"end":{"line":173,"column":53}},"loc":{"start":{"line":173,"column":59},"end":{"line":173,"column":108}},"line":173}},"branchMap":{},"s":{"0":3,"1":3,"2":3,"3":3,"4":3,"5":2,"6":2,"7":1,"8":1,"9":1,"10":1,"11":3,"12":2,"13":2,"14":2,"15":2,"16":2,"17":2,"18":1,"19":1,"20":1,"21":1,"22":3,"23":2,"24":2,"25":2,"26":2,"27":2,"28":2,"29":2,"30":2,"31":1,"32":1,"33":1,"34":1,"35":1,"36":3,"37":2,"38":2,"39":2,"40":2,"41":1,"42":1,"43":1,"44":3,"45":2,"46":2,"47":2,"48":2,"49":1,"50":1,"51":1,"52":1,"53":1,"54":1,"55":3,"56":3},"f":{"0":3,"1":2,"2":2,"3":2,"4":2,"5":2,"6":1},"b":{},"_coverageSchema":"1a1c01bbd47fc00a2c39e90264f33305004495a9","hash":"7f605551860d24bf62e0c0c24b1cf5978daa1fed"}
,"C:\\Users\\pyrie\\Desktop\\CourtMaster\\court-master\\src\\routes\\courtRoute.js": {"path":"C:\\Users\\pyrie\\Desktop\\CourtMaster\\court-master\\src\\routes\\courtRoute.js","statementMap":{"0":{"start":{"line":2,"column":16},"end":{"line":2,"column":34}},"1":{"start":{"line":3,"column":26},"end":{"line":3,"column":69}},"2":{"start":{"line":4,"column":15},"end":{"line":4,"column":31}},"3":{"start":{"line":7,"column":19},"end":{"line":303,"column":1}},"4":{"start":{"line":40,"column":0},"end":{"line":68,"column":3}},"5":{"start":{"line":41,"column":2},"end":{"line":67,"column":3}},"6":{"start":{"line":43,"column":25},"end":{"line":43,"column":65}},"7":{"start":{"line":44,"column":28},"end":{"line":44,"column":78}},"8":{"start":{"line":47,"column":32},"end":{"line":59,"column":6}},"9":{"start":{"line":49,"column":29},"end":{"line":49,"column":98}},"10":{"start":{"line":49,"column":65},"end":{"line":49,"column":97}},"11":{"start":{"line":52,"column":33},"end":{"line":52,"column":98}},"12":{"start":{"line":52,"column":60},"end":{"line":52,"column":97}},"13":{"start":{"line":55,"column":6},"end":{"line":58,"column":8}},"14":{"start":{"line":62,"column":4},"end":{"line":62,"column":34}},"15":{"start":{"line":64,"column":4},"end":{"line":64,"column":62}},"16":{"start":{"line":66,"column":4},"end":{"line":66,"column":77}},"17":{"start":{"line":70,"column":0},"end":{"line":84,"column":3}},"18":{"start":{"line":71,"column":24},"end":{"line":71,"column":34}},"19":{"start":{"line":73,"column":4},"end":{"line":83,"column":5}},"20":{"start":{"line":75,"column":31},"end":{"line":75,"column":131}},"21":{"start":{"line":77,"column":35},"end":{"line":77,"column":102}},"22":{"start":{"line":77,"column":66},"end":{"line":77,"column":101}},"23":{"start":{"line":79,"column":8},"end":{"line":79,"column":41}},"24":{"start":{"line":81,"column":8},"end":{"line":81,"column":69}},"25":{"start":{"line":82,"column":8},"end":{"line":82,"column":81}},"26":{"start":{"line":86,"column":0},"end":{"line":112,"column":3}},"27":{"start":{"line":87,"column":22},"end":{"line":87,"column":32}},"28":{"start":{"line":88,"column":2},"end":{"line":111,"column":3}},"29":{"start":{"line":90,"column":26},"end":{"line":90,"column":97}},"30":{"start":{"line":91,"column":30},"end":{"line":91,"column":111}},"31":{"start":{"line":94,"column":6},"end":{"line":96,"column":7}},"32":{"start":{"line":95,"column":10},"end":{"line":95,"column":68}},"33":{"start":{"line":98,"column":20},"end":{"line":98,"column":39}},"34":{"start":{"line":101,"column":29},"end":{"line":101,"column":100}},"35":{"start":{"line":101,"column":62},"end":{"line":101,"column":99}},"36":{"start":{"line":104,"column":6},"end":{"line":104,"column":39}},"37":{"start":{"line":107,"column":6},"end":{"line":107,"column":22}},"38":{"start":{"line":109,"column":6},"end":{"line":109,"column":52}},"39":{"start":{"line":110,"column":6},"end":{"line":110,"column":79}},"40":{"start":{"line":114,"column":0},"end":{"line":129,"column":3}},"41":{"start":{"line":115,"column":22},"end":{"line":115,"column":32}},"42":{"start":{"line":117,"column":2},"end":{"line":128,"column":3}},"43":{"start":{"line":119,"column":29},"end":{"line":119,"column":129}},"44":{"start":{"line":121,"column":33},"end":{"line":121,"column":100}},"45":{"start":{"line":121,"column":64},"end":{"line":121,"column":99}},"46":{"start":{"line":124,"column":6},"end":{"line":124,"column":39}},"47":{"start":{"line":126,"column":6},"end":{"line":126,"column":67}},"48":{"start":{"line":127,"column":6},"end":{"line":127,"column":79}},"49":{"start":{"line":131,"column":0},"end":{"line":159,"column":3}},"50":{"start":{"line":132,"column":2},"end":{"line":158,"column":7}},"51":{"start":{"line":133,"column":27},"end":{"line":133,"column":37}},"52":{"start":{"line":136,"column":28},"end":{"line":139,"column":7}},"53":{"start":{"line":141,"column":26},"end":{"line":144,"column":7}},"54":{"start":{"line":147,"column":6},"end":{"line":147,"column":50}},"55":{"start":{"line":150,"column":6},"end":{"line":150,"column":48}},"56":{"start":{"line":153,"column":6},"end":{"line":153,"column":70}},"57":{"start":{"line":155,"column":6},"end":{"line":155,"column":52}},"58":{"start":{"line":157,"column":6},"end":{"line":157,"column":64}},"59":{"start":{"line":161,"column":0},"end":{"line":193,"column":3}},"60":{"start":{"line":162,"column":2},"end":{"line":192,"column":3}},"61":{"start":{"line":163,"column":27},"end":{"line":163,"column":37}},"62":{"start":{"line":166,"column":23},"end":{"line":168,"column":5}},"63":{"start":{"line":169,"column":24},"end":{"line":169,"column":66}},"64":{"start":{"line":170,"column":21},"end":{"line":170,"column":49}},"65":{"start":{"line":173,"column":26},"end":{"line":175,"column":5}},"66":{"start":{"line":176,"column":24},"end":{"line":178,"column":5}},"67":{"start":{"line":181,"column":4},"end":{"line":181,"column":48}},"68":{"start":{"line":184,"column":4},"end":{"line":184,"column":46}},"69":{"start":{"line":187,"column":4},"end":{"line":187,"column":68}},"70":{"start":{"line":189,"column":4},"end":{"line":189,"column":50}},"71":{"start":{"line":191,"column":4},"end":{"line":191,"column":62}},"72":{"start":{"line":196,"column":0},"end":{"line":214,"column":3}},"73":{"start":{"line":197,"column":2},"end":{"line":213,"column":3}},"74":{"start":{"line":198,"column":70},"end":{"line":198,"column":78}},"75":{"start":{"line":200,"column":18},"end":{"line":204,"column":5}},"76":{"start":{"line":205,"column":19},"end":{"line":205,"column":74}},"77":{"start":{"line":206,"column":19},"end":{"line":206,"column":50}},"78":{"start":{"line":209,"column":4},"end":{"line":209,"column":41}},"79":{"start":{"line":211,"column":4},"end":{"line":211,"column":54}},"80":{"start":{"line":212,"column":4},"end":{"line":212,"column":66}},"81":{"start":{"line":216,"column":0},"end":{"line":240,"column":3}},"82":{"start":{"line":217,"column":2},"end":{"line":239,"column":3}},"83":{"start":{"line":218,"column":24},"end":{"line":218,"column":34}},"84":{"start":{"line":219,"column":70},"end":{"line":219,"column":78}},"85":{"start":{"line":221,"column":18},"end":{"line":226,"column":5}},"86":{"start":{"line":227,"column":19},"end":{"line":227,"column":83}},"87":{"start":{"line":228,"column":19},"end":{"line":228,"column":50}},"88":{"start":{"line":230,"column":4},"end":{"line":232,"column":5}},"89":{"start":{"line":231,"column":6},"end":{"line":231,"column":64}},"90":{"start":{"line":235,"column":4},"end":{"line":235,"column":41}},"91":{"start":{"line":237,"column":4},"end":{"line":237,"column":50}},"92":{"start":{"line":238,"column":4},"end":{"line":238,"column":62}},"93":{"start":{"line":242,"column":0},"end":{"line":273,"column":3}},"94":{"start":{"line":243,"column":2},"end":{"line":272,"column":3}},"95":{"start":{"line":244,"column":26},"end":{"line":244,"column":36}},"96":{"start":{"line":245,"column":38},"end":{"line":245,"column":46}},"97":{"start":{"line":248,"column":18},"end":{"line":250,"column":34}},"98":{"start":{"line":253,"column":21},"end":{"line":253,"column":30}},"99":{"start":{"line":254,"column":6},"end":{"line":260,"column":7}},"100":{"start":{"line":254,"column":19},"end":{"line":254,"column":20}},"101":{"start":{"line":255,"column":8},"end":{"line":255,"column":77}},"102":{"start":{"line":256,"column":8},"end":{"line":256,"column":58}},"103":{"start":{"line":257,"column":8},"end":{"line":259,"column":9}},"104":{"start":{"line":258,"column":10},"end":{"line":258,"column":26}},"105":{"start":{"line":262,"column":6},"end":{"line":262,"column":19}},"106":{"start":{"line":265,"column":6},"end":{"line":265,"column":38}},"107":{"start":{"line":268,"column":6},"end":{"line":268,"column":86}},"108":{"start":{"line":270,"column":6},"end":{"line":270,"column":68}},"109":{"start":{"line":271,"column":6},"end":{"line":271,"column":80}},"110":{"start":{"line":276,"column":0},"end":{"line":298,"column":3}},"111":{"start":{"line":278,"column":22},"end":{"line":278,"column":32}},"112":{"start":{"line":279,"column":22},"end":{"line":279,"column":40}},"113":{"start":{"line":280,"column":20},"end":{"line":280,"column":36}},"114":{"start":{"line":281,"column":2},"end":{"line":297,"column":3}},"115":{"start":{"line":284,"column":24},"end":{"line":287,"column":11}},"116":{"start":{"line":288,"column":25},"end":{"line":288,"column":54}},"117":{"start":{"line":289,"column":10},"end":{"line":289,"column":42}},"118":{"start":{"line":293,"column":6},"end":{"line":293,"column":72}},"119":{"start":{"line":295,"column":6},"end":{"line":295,"column":54}},"120":{"start":{"line":296,"column":6},"end":{"line":296,"column":65}},"121":{"start":{"line":302,"column":2},"end":{"line":302,"column":16}},"122":{"start":{"line":305,"column":0},"end":{"line":305,"column":28}}},"fnMap":{"0":{"name":"(anonymous_0)","decl":{"start":{"line":7,"column":19},"end":{"line":7,"column":20}},"loc":{"start":{"line":7,"column":29},"end":{"line":303,"column":1}},"line":7},"1":{"name":"(anonymous_1)","decl":{"start":{"line":40,"column":38},"end":{"line":40,"column":39}},"loc":{"start":{"line":40,"column":58},"end":{"line":68,"column":1}},"line":40},"2":{"name":"(anonymous_2)","decl":{"start":{"line":47,"column":54},"end":{"line":47,"column":55}},"loc":{"start":{"line":47,"column":63},"end":{"line":59,"column":5}},"line":47},"3":{"name":"(anonymous_3)","decl":{"start":{"line":49,"column":57},"end":{"line":49,"column":58}},"loc":{"start":{"line":49,"column":65},"end":{"line":49,"column":97}},"line":49},"4":{"name":"(anonymous_4)","decl":{"start":{"line":52,"column":52},"end":{"line":52,"column":53}},"loc":{"start":{"line":52,"column":60},"end":{"line":52,"column":97}},"line":52},"5":{"name":"(anonymous_5)","decl":{"start":{"line":70,"column":56},"end":{"line":70,"column":57}},"loc":{"start":{"line":70,"column":76},"end":{"line":84,"column":1}},"line":70},"6":{"name":"(anonymous_6)","decl":{"start":{"line":77,"column":59},"end":{"line":77,"column":60}},"loc":{"start":{"line":77,"column":66},"end":{"line":77,"column":101}},"line":77},"7":{"name":"(anonymous_7)","decl":{"start":{"line":86,"column":47},"end":{"line":86,"column":48}},"loc":{"start":{"line":86,"column":67},"end":{"line":112,"column":1}},"line":86},"8":{"name":"(anonymous_8)","decl":{"start":{"line":101,"column":54},"end":{"line":101,"column":55}},"loc":{"start":{"line":101,"column":62},"end":{"line":101,"column":99}},"line":101},"9":{"name":"(anonymous_9)","decl":{"start":{"line":114,"column":43},"end":{"line":114,"column":44}},"loc":{"start":{"line":114,"column":63},"end":{"line":129,"column":1}},"line":114},"10":{"name":"(anonymous_10)","decl":{"start":{"line":121,"column":57},"end":{"line":121,"column":58}},"loc":{"start":{"line":121,"column":64},"end":{"line":121,"column":99}},"line":121},"11":{"name":"(anonymous_11)","decl":{"start":{"line":131,"column":54},"end":{"line":131,"column":55}},"loc":{"start":{"line":131,"column":74},"end":{"line":159,"column":1}},"line":131},"12":{"name":"(anonymous_12)","decl":{"start":{"line":161,"column":62},"end":{"line":161,"column":63}},"loc":{"start":{"line":161,"column":82},"end":{"line":193,"column":1}},"line":161},"13":{"name":"(anonymous_13)","decl":{"start":{"line":196,"column":39},"end":{"line":196,"column":40}},"loc":{"start":{"line":196,"column":59},"end":{"line":214,"column":1}},"line":196},"14":{"name":"(anonymous_14)","decl":{"start":{"line":216,"column":48},"end":{"line":216,"column":49}},"loc":{"start":{"line":216,"column":68},"end":{"line":240,"column":1}},"line":216},"15":{"name":"(anonymous_15)","decl":{"start":{"line":242,"column":61},"end":{"line":242,"column":62}},"loc":{"start":{"line":242,"column":81},"end":{"line":273,"column":1}},"line":242},"16":{"name":"(anonymous_16)","decl":{"start":{"line":276,"column":58},"end":{"line":276,"column":59}},"loc":{"start":{"line":276,"column":78},"end":{"line":298,"column":1}},"line":276}},"branchMap":{"0":{"loc":{"start":{"line":94,"column":6},"end":{"line":96,"column":7}},"type":"if","locations":[{"start":{"line":94,"column":6},"end":{"line":96,"column":7}},{"start":{},"end":{}}],"line":94},"1":{"loc":{"start":{"line":230,"column":4},"end":{"line":232,"column":5}},"type":"if","locations":[{"start":{"line":230,"column":4},"end":{"line":232,"column":5}},{"start":{},"end":{}}],"line":230},"2":{"loc":{"start":{"line":257,"column":8},"end":{"line":259,"column":9}},"type":"if","locations":[{"start":{"line":257,"column":8},"end":{"line":259,"column":9}},{"start":{},"end":{}}],"line":257}},"s":{"0":2,"1":2,"2":2,"3":2,"4":3,"5":1,"6":1,"7":1,"8":1,"9":5,"10":160,"11":5,"12":19,"13":5,"14":1,"15":0,"16":0,"17":3,"18":1,"19":1,"20":1,"21":1,"22":9,"23":1,"24":0,"25":0,"26":3,"27":2,"28":2,"29":2,"30":2,"31":2,"32":1,"33":1,"34":1,"35":9,"36":1,"37":1,"38":0,"39":0,"40":3,"41":1,"42":1,"43":1,"44":1,"45":9,"46":1,"47":0,"48":0,"49":3,"50":1,"51":1,"52":1,"53":1,"54":1,"55":1,"56":1,"57":0,"58":0,"59":3,"60":1,"61":1,"62":1,"63":1,"64":1,"65":1,"66":1,"67":1,"68":1,"69":1,"70":0,"71":0,"72":3,"73":1,"74":1,"75":1,"76":1,"77":1,"78":1,"79":0,"80":0,"81":3,"82":1,"83":1,"84":1,"85":1,"86":1,"87":1,"88":1,"89":0,"90":1,"91":0,"92":0,"93":3,"94":1,"95":1,"96":1,"97":1,"98":1,"99":1,"100":1,"101":2,"102":2,"103":2,"104":1,"105":1,"106":1,"107":1,"108":0,"109":0,"110":3,"111":1,"112":1,"113":1,"114":1,"115":1,"116":1,"117":1,"118":1,"119":0,"120":0,"121":3,"122":2},"f":{"0":3,"1":1,"2":5,"3":160,"4":19,"5":1,"6":9,"7":2,"8":9,"9":1,"10":9,"11":1,"12":1,"13":1,"14":1,"15":1,"16":1},"b":{"0":[1,1],"1":[0,1],"2":[1,1]},"_coverageSchema":"1a1c01bbd47fc00a2c39e90264f33305004495a9","hash":"5d39da200f5dfcb4101df036214aa4ccc2a6177f"}
,"C:\\Users\\pyrie\\Desktop\\CourtMaster\\court-master\\src\\routes\\userRoute.js": {"path":"C:\\Users\\pyrie\\Desktop\\CourtMaster\\court-master\\src\\routes\\userRoute.js","statementMap":{"0":{"start":{"line":2,"column":16},"end":{"line":2,"column":34}},"1":{"start":{"line":3,"column":26},"end":{"line":3,"column":69}},"2":{"start":{"line":4,"column":15},"end":{"line":4,"column":31}},"3":{"start":{"line":5,"column":49},"end":{"line":5,"column":77}},"4":{"start":{"line":6,"column":15},"end":{"line":6,"column":34}},"5":{"start":{"line":38,"column":18},"end":{"line":184,"column":1}},"6":{"start":{"line":42,"column":0},"end":{"line":54,"column":3}},"7":{"start":{"line":43,"column":2},"end":{"line":53,"column":3}},"8":{"start":{"line":45,"column":19},"end":{"line":45,"column":58}},"9":{"start":{"line":46,"column":18},"end":{"line":46,"column":29}},"10":{"start":{"line":49,"column":4},"end":{"line":49,"column":20}},"11":{"start":{"line":51,"column":4},"end":{"line":51,"column":50}},"12":{"start":{"line":52,"column":4},"end":{"line":52,"column":50}},"13":{"start":{"line":75,"column":0},"end":{"line":87,"column":3}},"14":{"start":{"line":76,"column":2},"end":{"line":86,"column":3}},"15":{"start":{"line":78,"column":19},"end":{"line":78,"column":65}},"16":{"start":{"line":79,"column":22},"end":{"line":79,"column":33}},"17":{"start":{"line":82,"column":4},"end":{"line":82,"column":24}},"18":{"start":{"line":84,"column":4},"end":{"line":84,"column":55}},"19":{"start":{"line":85,"column":4},"end":{"line":85,"column":50}},"20":{"start":{"line":89,"column":0},"end":{"line":106,"column":3}},"21":{"start":{"line":90,"column":17},"end":{"line":90,"column":30}},"22":{"start":{"line":92,"column":2},"end":{"line":105,"column":3}},"23":{"start":{"line":94,"column":19},"end":{"line":94,"column":85}},"24":{"start":{"line":96,"column":4},"end":{"line":101,"column":5}},"25":{"start":{"line":97,"column":23},"end":{"line":97,"column":42}},"26":{"start":{"line":98,"column":6},"end":{"line":98,"column":35}},"27":{"start":{"line":100,"column":6},"end":{"line":100,"column":74}},"28":{"start":{"line":103,"column":4},"end":{"line":103,"column":54}},"29":{"start":{"line":104,"column":4},"end":{"line":104,"column":77}},"30":{"start":{"line":109,"column":0},"end":{"line":123,"column":3}},"31":{"start":{"line":110,"column":2},"end":{"line":122,"column":3}},"32":{"start":{"line":111,"column":4},"end":{"line":111,"column":31}},"33":{"start":{"line":113,"column":4},"end":{"line":113,"column":42}},"34":{"start":{"line":114,"column":18},"end":{"line":114,"column":43}},"35":{"start":{"line":115,"column":4},"end":{"line":115,"column":34}},"36":{"start":{"line":118,"column":4},"end":{"line":118,"column":24}},"37":{"start":{"line":120,"column":4},"end":{"line":120,"column":57}},"38":{"start":{"line":121,"column":4},"end":{"line":121,"column":77}},"39":{"start":{"line":125,"column":0},"end":{"line":138,"column":3}},"40":{"start":{"line":126,"column":2},"end":{"line":137,"column":3}},"41":{"start":{"line":127,"column":18},"end":{"line":127,"column":32}},"42":{"start":{"line":128,"column":4},"end":{"line":130,"column":5}},"43":{"start":{"line":129,"column":6},"end":{"line":129,"column":94}},"44":{"start":{"line":133,"column":4},"end":{"line":133,"column":59}},"45":{"start":{"line":135,"column":4},"end":{"line":135,"column":59}},"46":{"start":{"line":136,"column":4},"end":{"line":136,"column":79}},"47":{"start":{"line":140,"column":0},"end":{"line":180,"column":3}},"48":{"start":{"line":141,"column":73},"end":{"line":141,"column":81}},"49":{"start":{"line":143,"column":2},"end":{"line":179,"column":3}},"50":{"start":{"line":145,"column":17},"end":{"line":145,"column":50}},"51":{"start":{"line":147,"column":4},"end":{"line":174,"column":5}},"52":{"start":{"line":149,"column":35},"end":{"line":149,"column":92}},"53":{"start":{"line":151,"column":6},"end":{"line":170,"column":7}},"54":{"start":{"line":153,"column":8},"end":{"line":166,"column":9}},"55":{"start":{"line":155,"column":36},"end":{"line":155,"column":70}},"56":{"start":{"line":159,"column":10},"end":{"line":159,"column":64}},"57":{"start":{"line":162,"column":10},"end":{"line":162,"column":80}},"58":{"start":{"line":165,"column":10},"end":{"line":165,"column":90}},"59":{"start":{"line":169,"column":8},"end":{"line":169,"column":88}},"60":{"start":{"line":173,"column":6},"end":{"line":173,"column":99}},"61":{"start":{"line":177,"column":4},"end":{"line":177,"column":61}},"62":{"start":{"line":178,"column":4},"end":{"line":178,"column":77}},"63":{"start":{"line":183,"column":2},"end":{"line":183,"column":16}},"64":{"start":{"line":188,"column":0},"end":{"line":188,"column":27}}},"fnMap":{"0":{"name":"(anonymous_0)","decl":{"start":{"line":38,"column":18},"end":{"line":38,"column":19}},"loc":{"start":{"line":38,"column":28},"end":{"line":184,"column":1}},"line":38},"1":{"name":"(anonymous_1)","decl":{"start":{"line":42,"column":37},"end":{"line":42,"column":38}},"loc":{"start":{"line":42,"column":57},"end":{"line":54,"column":1}},"line":42},"2":{"name":"(anonymous_2)","decl":{"start":{"line":75,"column":39},"end":{"line":75,"column":40}},"loc":{"start":{"line":75,"column":59},"end":{"line":87,"column":1}},"line":75},"3":{"name":"(anonymous_3)","decl":{"start":{"line":89,"column":43},"end":{"line":89,"column":44}},"loc":{"start":{"line":89,"column":63},"end":{"line":106,"column":1}},"line":89},"4":{"name":"(anonymous_4)","decl":{"start":{"line":109,"column":29},"end":{"line":109,"column":30}},"loc":{"start":{"line":109,"column":49},"end":{"line":123,"column":1}},"line":109},"5":{"name":"(anonymous_5)","decl":{"start":{"line":125,"column":35},"end":{"line":125,"column":36}},"loc":{"start":{"line":125,"column":55},"end":{"line":138,"column":1}},"line":125},"6":{"name":"(anonymous_6)","decl":{"start":{"line":140,"column":51},"end":{"line":140,"column":52}},"loc":{"start":{"line":140,"column":71},"end":{"line":180,"column":1}},"line":140}},"branchMap":{"0":{"loc":{"start":{"line":96,"column":4},"end":{"line":101,"column":5}},"type":"if","locations":[{"start":{"line":96,"column":4},"end":{"line":101,"column":5}},{"start":{"line":99,"column":11},"end":{"line":101,"column":5}}],"line":96},"1":{"loc":{"start":{"line":128,"column":4},"end":{"line":130,"column":5}},"type":"if","locations":[{"start":{"line":128,"column":4},"end":{"line":130,"column":5}},{"start":{},"end":{}}],"line":128},"2":{"loc":{"start":{"line":147,"column":4},"end":{"line":174,"column":5}},"type":"if","locations":[{"start":{"line":147,"column":4},"end":{"line":174,"column":5}},{"start":{"line":171,"column":11},"end":{"line":174,"column":5}}],"line":147},"3":{"loc":{"start":{"line":147,"column":8},"end":{"line":147,"column":34}},"type":"binary-expr","locations":[{"start":{"line":147,"column":8},"end":{"line":147,"column":12}},{"start":{"line":147,"column":16},"end":{"line":147,"column":34}}],"line":147},"4":{"loc":{"start":{"line":151,"column":6},"end":{"line":170,"column":7}},"type":"if","locations":[{"start":{"line":151,"column":6},"end":{"line":170,"column":7}},{"start":{"line":167,"column":13},"end":{"line":170,"column":7}}],"line":151},"5":{"loc":{"start":{"line":153,"column":8},"end":{"line":166,"column":9}},"type":"if","locations":[{"start":{"line":153,"column":8},"end":{"line":166,"column":9}},{"start":{"line":163,"column":15},"end":{"line":166,"column":9}}],"line":153}},"s":{"0":2,"1":2,"2":2,"3":2,"4":2,"5":2,"6":2,"7":1,"8":1,"9":1,"10":1,"11":0,"12":0,"13":2,"14":1,"15":1,"16":1,"17":1,"18":0,"19":0,"20":2,"21":1,"22":1,"23":1,"24":1,"25":1,"26":1,"27":0,"28":0,"29":0,"30":2,"31":1,"32":1,"33":1,"34":1,"35":1,"36":1,"37":0,"38":0,"39":2,"40":2,"41":2,"42":2,"43":1,"44":1,"45":0,"46":0,"47":2,"48":5,"49":5,"50":5,"51":5,"52":4,"53":4,"54":3,"55":2,"56":2,"57":2,"58":1,"59":1,"60":1,"61":0,"62":0,"63":2,"64":2},"f":{"0":2,"1":1,"2":1,"3":1,"4":1,"5":2,"6":5},"b":{"0":[1,0],"1":[1,1],"2":[4,1],"3":[5,4],"4":[3,1],"5":[2,1]},"_coverageSchema":"1a1c01bbd47fc00a2c39e90264f33305004495a9","hash":"3ba884192b11d3f7a2d67c25154ac5dd177d2fb6"}
,"C:\\Users\\pyrie\\Desktop\\CourtMaster\\court-master\\src\\utils\\authUtils.js": {"path":"C:\\Users\\pyrie\\Desktop\\CourtMaster\\court-master\\src\\utils\\authUtils.js","statementMap":{"0":{"start":{"line":2,"column":15},"end":{"line":2,"column":19}},"1":{"start":{"line":3,"column":22},"end":{"line":3,"column":26}},"2":{"start":{"line":4,"column":22},"end":{"line":4,"column":26}},"3":{"start":{"line":8,"column":2},"end":{"line":8,"column":19}},"4":{"start":{"line":9,"column":2},"end":{"line":9,"column":35}},"5":{"start":{"line":11,"column":2},"end":{"line":11,"column":72}},"6":{"start":{"line":14,"column":2},"end":{"line":14,"column":25}},"7":{"start":{"line":19,"column":4},"end":{"line":22,"column":5}},"8":{"start":{"line":20,"column":6},"end":{"line":20,"column":18}},"9":{"start":{"line":24,"column":29},"end":{"line":24,"column":39}},"10":{"start":{"line":25,"column":32},"end":{"line":25,"column":47}},"11":{"start":{"line":27,"column":4},"end":{"line":27,"column":51}},"12":{"start":{"line":32,"column":2},"end":{"line":36,"column":3}},"13":{"start":{"line":33,"column":4},"end":{"line":33,"column":13}},"14":{"start":{"line":35,"column":4},"end":{"line":35,"column":27}},"15":{"start":{"line":41,"column":4},"end":{"line":41,"column":20}},"16":{"start":{"line":43,"column":4},"end":{"line":43,"column":27}},"17":{"start":{"line":46,"column":4},"end":{"line":46,"column":31}},"18":{"start":{"line":51,"column":30},"end":{"line":51,"column":43}},"19":{"start":{"line":54,"column":4},"end":{"line":54,"column":34}},"20":{"start":{"line":57,"column":4},"end":{"line":60,"column":26}},"21":{"start":{"line":59,"column":6},"end":{"line":59,"column":15}},"22":{"start":{"line":65,"column":4},"end":{"line":65,"column":27}},"23":{"start":{"line":68,"column":0},"end":{"line":68,"column":131}}},"fnMap":{"0":{"name":"setTokenAndExpiration","decl":{"start":{"line":7,"column":9},"end":{"line":7,"column":30}},"loc":{"start":{"line":7,"column":54},"end":{"line":15,"column":1}},"line":7},"1":{"name":"isTokenExpired","decl":{"start":{"line":18,"column":11},"end":{"line":18,"column":25}},"loc":{"start":{"line":18,"column":28},"end":{"line":28,"column":3}},"line":18},"2":{"name":"checkTokenExpiration","decl":{"start":{"line":31,"column":9},"end":{"line":31,"column":29}},"loc":{"start":{"line":31,"column":32},"end":{"line":37,"column":1}},"line":31},"3":{"name":"logout","decl":{"start":{"line":40,"column":11},"end":{"line":40,"column":17}},"loc":{"start":{"line":40,"column":20},"end":{"line":47,"column":3}},"line":40},"4":{"name":"startInactivityTimer","decl":{"start":{"line":50,"column":11},"end":{"line":50,"column":31}},"loc":{"start":{"line":50,"column":34},"end":{"line":61,"column":3}},"line":50},"5":{"name":"(anonymous_5)","decl":{"start":{"line":57,"column":33},"end":{"line":57,"column":34}},"loc":{"start":{"line":57,"column":39},"end":{"line":60,"column":5}},"line":57},"6":{"name":"resetInactivityTimer","decl":{"start":{"line":64,"column":9},"end":{"line":64,"column":29}},"loc":{"start":{"line":64,"column":32},"end":{"line":66,"column":1}},"line":64}},"branchMap":{"0":{"loc":{"start":{"line":19,"column":4},"end":{"line":22,"column":5}},"type":"if","locations":[{"start":{"line":19,"column":4},"end":{"line":22,"column":5}},{"start":{},"end":{}}],"line":19},"1":{"loc":{"start":{"line":32,"column":2},"end":{"line":36,"column":3}},"type":"if","locations":[{"start":{"line":32,"column":2},"end":{"line":36,"column":3}},{"start":{"line":34,"column":9},"end":{"line":36,"column":3}}],"line":32}},"s":{"0":3,"1":3,"2":3,"3":6,"4":6,"5":6,"6":6,"7":9,"8":3,"9":6,"10":6,"11":6,"12":2,"13":1,"14":1,"15":3,"16":3,"17":3,"18":9,"19":9,"20":9,"21":1,"22":2,"23":3},"f":{"0":6,"1":9,"2":2,"3":3,"4":9,"5":1,"6":2},"b":{"0":[3,6],"1":[1,1]},"_coverageSchema":"1a1c01bbd47fc00a2c39e90264f33305004495a9","hash":"34d3d5c6a36eb15a823b6db115e613eb845b3801"}
,"C:\\Users\\pyrie\\Desktop\\CourtMaster\\court-master\\src\\utils\\loginUtilsTwo.js": {"path":"C:\\Users\\pyrie\\Desktop\\CourtMaster\\court-master\\src\\utils\\loginUtilsTwo.js","statementMap":{"0":{"start":{"line":3,"column":14},"end":{"line":3,"column":30}},"1":{"start":{"line":6,"column":25},"end":{"line":6,"column":86}},"2":{"start":{"line":8,"column":4},"end":{"line":26,"column":5}},"3":{"start":{"line":9,"column":25},"end":{"line":12,"column":10}},"4":{"start":{"line":14,"column":8},"end":{"line":18,"column":9}},"5":{"start":{"line":15,"column":12},"end":{"line":15,"column":39}},"6":{"start":{"line":17,"column":12},"end":{"line":17,"column":59}},"7":{"start":{"line":20,"column":8},"end":{"line":25,"column":9}},"8":{"start":{"line":21,"column":12},"end":{"line":21,"column":44}},"9":{"start":{"line":23,"column":12},"end":{"line":23,"column":54}},"10":{"start":{"line":24,"column":12},"end":{"line":24,"column":24}},"11":{"start":{"line":28,"column":0},"end":{"line":28,"column":34}}},"fnMap":{"0":{"name":"loginAndGetToken","decl":{"start":{"line":5,"column":15},"end":{"line":5,"column":31}},"loc":{"start":{"line":5,"column":34},"end":{"line":27,"column":1}},"line":5}},"branchMap":{"0":{"loc":{"start":{"line":14,"column":8},"end":{"line":18,"column":9}},"type":"if","locations":[{"start":{"line":14,"column":8},"end":{"line":18,"column":9}},{"start":{"line":16,"column":15},"end":{"line":18,"column":9}}],"line":14},"1":{"loc":{"start":{"line":14,"column":12},"end":{"line":14,"column":60}},"type":"binary-expr","locations":[{"start":{"line":14,"column":12},"end":{"line":14,"column":20}},{"start":{"line":14,"column":24},"end":{"line":14,"column":37}},{"start":{"line":14,"column":41},"end":{"line":14,"column":60}}],"line":14},"2":{"loc":{"start":{"line":20,"column":8},"end":{"line":25,"column":9}},"type":"if","locations":[{"start":{"line":20,"column":8},"end":{"line":25,"column":9}},{"start":{"line":22,"column":15},"end":{"line":25,"column":9}}],"line":20},"3":{"loc":{"start":{"line":20,"column":12},"end":{"line":20,"column":59}},"type":"binary-expr","locations":[{"start":{"line":20,"column":12},"end":{"line":20,"column":26}},{"start":{"line":20,"column":30},"end":{"line":20,"column":59}}],"line":20}},"s":{"0":4,"1":6,"2":6,"3":6,"4":5,"5":4,"6":1,"7":2,"8":1,"9":1,"10":1,"11":4},"f":{"0":6},"b":{"0":[4,1],"1":[5,5,5],"2":[1,1],"3":[2,1]},"_coverageSchema":"1a1c01bbd47fc00a2c39e90264f33305004495a9","hash":"ca2f2a4771994f648da6fb40de93af9e7f8c8993"}
}
