TN:
SF:src\main.js
FNF:0
FNH:0
DA:10,0
DA:12,0
DA:14,0
DA:16,0
DA:19,0
LF:5
LH:0
BRF:0
BRH:0
end_of_record
TN:
SF:src\routes\bookingRoute.js
FN:9,(anonymous_0)
FN:44,(anonymous_1)
FN:58,(anonymous_2)
FN:78,(anonymous_3)
FN:114,(anonymous_4)
FN:157,(anonymous_5)
FN:170,(anonymous_6)
FNF:7
FNH:1
FNDA:1,(anonymous_0)
FNDA:0,(anonymous_1)
FNDA:0,(anonymous_2)
FNDA:0,(anonymous_3)
FNDA:0,(anonymous_4)
FNDA:0,(anonymous_5)
FNDA:0,(anonymous_6)
DA:2,1
DA:3,1
DA:4,1
DA:9,1
DA:44,1
DA:45,0
DA:47,0
DA:48,0
DA:51,0
DA:53,0
DA:54,0
DA:58,1
DA:59,0
DA:61,0
DA:62,0
DA:63,0
DA:65,0
DA:66,0
DA:67,0
DA:70,0
DA:72,0
DA:73,0
DA:78,1
DA:79,0
DA:81,0
DA:82,0
DA:86,0
DA:89,0
DA:92,0
DA:98,0
DA:100,0
DA:103,0
DA:106,0
DA:108,0
DA:110,0
DA:114,1
DA:115,0
DA:116,0
DA:119,0
DA:125,0
DA:128,0
DA:130,0
DA:132,0
DA:157,1
DA:158,0
DA:159,0
DA:162,0
DA:169,0
DA:170,0
DA:171,0
DA:173,0
DA:175,0
DA:176,0
DA:182,1
DA:185,1
LF:55
LH:11
BRF:0
BRH:0
end_of_record
TN:
SF:src\routes\courtRoute.js
FN:7,(anonymous_0)
FN:40,(anonymous_1)
FN:49,(anonymous_2)
FN:51,(anonymous_3)
FN:54,(anonymous_4)
FN:71,(anonymous_5)
FN:79,(anonymous_6)
FN:90,(anonymous_7)
FN:108,(anonymous_8)
FN:121,(anonymous_9)
FN:129,(anonymous_10)
FN:140,(anonymous_11)
FN:173,(anonymous_12)
FN:193,(anonymous_13)
FN:219,(anonymous_14)
FN:253,(anonymous_15)
FNF:16
FNH:16
FNDA:1,(anonymous_0)
FNDA:1,(anonymous_1)
FNDA:21,(anonymous_2)
FNDA:672,(anonymous_3)
FNDA:19,(anonymous_4)
FNDA:1,(anonymous_5)
FNDA:9,(anonymous_6)
FNDA:1,(anonymous_7)
FNDA:9,(anonymous_8)
FNDA:1,(anonymous_9)
FNDA:9,(anonymous_10)
FNDA:1,(anonymous_11)
FNDA:1,(anonymous_12)
FNDA:1,(anonymous_13)
FNDA:1,(anonymous_14)
FNDA:1,(anonymous_15)
DA:2,1
DA:3,1
DA:4,1
DA:7,1
DA:40,1
DA:41,1
DA:43,1
DA:44,1
DA:46,1
DA:47,1
DA:49,1
DA:51,672
DA:54,21
DA:57,21
DA:64,1
DA:66,0
DA:67,0
DA:71,1
DA:72,1
DA:74,1
DA:76,1
DA:78,1
DA:79,9
DA:80,1
DA:82,1
DA:84,0
DA:85,0
DA:90,1
DA:91,1
DA:92,1
DA:94,1
DA:95,1
DA:97,1
DA:98,1
DA:101,1
DA:102,0
DA:105,1
DA:108,9
DA:111,1
DA:114,1
DA:116,0
DA:117,0
DA:121,1
DA:122,1
DA:124,1
DA:126,1
DA:128,1
DA:129,9
DA:130,1
DA:132,1
DA:134,0
DA:135,0
DA:140,1
DA:141,1
DA:142,1
DA:143,1
DA:144,1
DA:147,1
DA:152,1
DA:156,1
DA:157,1
DA:159,1
DA:162,1
DA:165,1
DA:167,0
DA:169,0
DA:173,1
DA:174,1
DA:175,1
DA:177,1
DA:182,1
DA:183,1
DA:186,1
DA:188,0
DA:189,0
DA:193,1
DA:194,1
DA:195,1
DA:196,1
DA:198,1
DA:204,1
DA:205,1
DA:207,1
DA:208,0
DA:212,1
DA:214,0
DA:215,0
DA:219,1
DA:220,1
DA:221,1
DA:222,1
DA:225,1
DA:230,1
DA:231,1
DA:232,2
DA:233,2
DA:234,2
DA:235,1
DA:239,1
DA:242,1
DA:245,1
DA:247,0
DA:248,0
DA:253,1
DA:254,1
DA:255,1
DA:256,1
DA:257,1
DA:258,1
DA:261,1
DA:265,1
DA:266,1
DA:270,1
DA:272,0
DA:273,0
DA:279,1
DA:282,1
LF:117
LH:97
BRDA:101,0,0,0
BRDA:101,0,1,1
BRDA:207,1,0,0
BRDA:207,1,1,1
BRDA:234,2,0,1
BRDA:234,2,1,1
BRF:6
BRH:4
end_of_record
TN:
SF:src\routes\index.js
FN:40,(anonymous_0)
FN:42,(anonymous_1)
FN:72,(anonymous_2)
FN:74,(anonymous_3)
FNF:4
FNH:0
FNDA:0,(anonymous_0)
FNDA:0,(anonymous_1)
FNDA:0,(anonymous_2)
FNDA:0,(anonymous_3)
DA:15,0
DA:27,0
DA:33,0
DA:35,0
DA:36,0
DA:40,0
DA:41,0
DA:42,0
DA:43,0
DA:44,0
DA:45,0
DA:46,0
DA:47,0
DA:48,0
DA:50,0
DA:51,0
DA:52,0
DA:53,0
DA:54,0
DA:55,0
DA:57,0
DA:58,0
DA:61,0
DA:62,0
DA:66,0
DA:67,0
DA:72,0
DA:73,0
DA:74,0
DA:76,0
DA:78,0
DA:80,0
DA:82,0
DA:84,0
DA:85,0
DA:86,0
DA:91,0
DA:92,0
DA:93,0
DA:94,0
DA:95,0
DA:96,0
DA:98,0
DA:99,0
DA:102,0
DA:103,0
DA:106,0
DA:107,0
LF:48
LH:0
BRDA:35,0,0,0
BRDA:35,0,1,0
BRDA:35,1,0,0
BRDA:35,1,1,0
BRDA:42,2,0,0
BRDA:42,2,1,0
BRDA:46,3,0,0
BRDA:46,3,1,0
BRDA:53,4,0,0
BRDA:53,4,1,0
BRDA:53,5,0,0
BRDA:53,5,1,0
BRDA:74,6,0,0
BRDA:74,6,1,0
BRDA:94,7,0,0
BRDA:94,7,1,0
BRF:16
BRH:0
end_of_record
TN:
SF:src\routes\userRoute.js
FN:38,(anonymous_0)
FN:42,(anonymous_1)
FN:75,(anonymous_2)
FN:89,(anonymous_3)
FN:109,(anonymous_4)
FN:125,(anonymous_5)
FN:140,(anonymous_6)
FNF:7
FNH:1
FNDA:1,(anonymous_0)
FNDA:0,(anonymous_1)
FNDA:0,(anonymous_2)
FNDA:0,(anonymous_3)
FNDA:0,(anonymous_4)
FNDA:0,(anonymous_5)
FNDA:0,(anonymous_6)
DA:2,1
DA:3,1
DA:4,1
DA:5,1
DA:6,1
DA:38,1
DA:42,1
DA:43,0
DA:45,0
DA:46,0
DA:49,0
DA:51,0
DA:52,0
DA:75,1
DA:76,0
DA:78,0
DA:79,0
DA:82,0
DA:84,0
DA:85,0
DA:89,1
DA:90,0
DA:92,0
DA:94,0
DA:96,0
DA:97,0
DA:98,0
DA:100,0
DA:103,0
DA:104,0
DA:109,1
DA:110,0
DA:111,0
DA:113,0
DA:114,0
DA:115,0
DA:118,0
DA:120,0
DA:121,0
DA:125,1
DA:126,0
DA:127,0
DA:128,0
DA:129,0
DA:133,0
DA:135,0
DA:136,0
DA:140,1
DA:141,0
DA:143,0
DA:145,0
DA:147,0
DA:149,0
DA:151,0
DA:153,0
DA:155,0
DA:159,0
DA:162,0
DA:165,0
DA:169,0
DA:173,0
DA:177,0
DA:178,0
DA:183,1
DA:188,1
LF:65
LH:14
BRDA:96,0,0,0
BRDA:96,0,1,0
BRDA:128,1,0,0
BRDA:128,1,1,0
BRDA:147,2,0,0
BRDA:147,2,1,0
BRDA:147,3,0,0
BRDA:147,3,1,0
BRDA:151,4,0,0
BRDA:151,4,1,0
BRDA:153,5,0,0
BRDA:153,5,1,0
BRF:12
BRH:0
end_of_record
TN:
SF:src\store\index.js
FN:20,(anonymous_0)
FN:23,(anonymous_1)
FN:27,(anonymous_2)
FN:31,(anonymous_3)
FN:35,(anonymous_4)
FN:38,(anonymous_5)
FN:41,(anonymous_6)
FN:44,(anonymous_7)
FN:47,(anonymous_8)
FN:53,(anonymous_9)
FN:72,(anonymous_10)
FN:78,(anonymous_11)
FN:85,(anonymous_12)
FN:86,(anonymous_13)
FN:87,(anonymous_14)
FN:88,(anonymous_15)
FN:89,(anonymous_16)
FNF:17
FNH:0
FNDA:0,(anonymous_0)
FNDA:0,(anonymous_1)
FNDA:0,(anonymous_2)
FNDA:0,(anonymous_3)
FNDA:0,(anonymous_4)
FNDA:0,(anonymous_5)
FNDA:0,(anonymous_6)
FNDA:0,(anonymous_7)
FNDA:0,(anonymous_8)
FNDA:0,(anonymous_9)
FNDA:0,(anonymous_10)
FNDA:0,(anonymous_11)
FNDA:0,(anonymous_12)
FNDA:0,(anonymous_13)
FNDA:0,(anonymous_14)
FNDA:0,(anonymous_15)
FNDA:0,(anonymous_16)
DA:5,0
DA:7,0
DA:8,0
DA:21,0
DA:24,0
DA:25,0
DA:28,0
DA:29,0
DA:32,0
DA:33,0
DA:36,0
DA:39,0
DA:42,0
DA:45,0
DA:48,0
DA:49,0
DA:54,0
DA:55,0
DA:60,0
DA:61,0
DA:62,0
DA:63,0
DA:64,0
DA:65,0
DA:66,0
DA:67,0
DA:69,0
DA:73,0
DA:74,0
DA:75,0
DA:76,0
DA:79,0
DA:80,0
DA:85,0
DA:86,0
DA:87,0
DA:88,0
DA:89,0
LF:38
LH:0
BRDA:7,0,0,0
BRDA:7,0,1,0
BRDA:7,1,0,0
BRDA:7,1,1,0
BRF:4
BRH:0
end_of_record
TN:
SF:src\utils\authUtils.js
FN:7,setTokenAndExpiration
FN:18,isTokenExpired
FN:31,checkTokenExpiration
FN:40,logout
FN:50,startInactivityTimer
FN:57,(anonymous_5)
FN:64,resetInactivityTimer
FNF:7
FNH:0
FNDA:0,setTokenAndExpiration
FNDA:0,isTokenExpired
FNDA:0,checkTokenExpiration
FNDA:0,logout
FNDA:0,startInactivityTimer
FNDA:0,(anonymous_5)
FNDA:0,resetInactivityTimer
DA:2,1
DA:3,1
DA:4,1
DA:8,0
DA:9,0
DA:11,0
DA:14,0
DA:19,0
DA:20,0
DA:24,0
DA:25,0
DA:27,0
DA:32,0
DA:33,0
DA:35,0
DA:41,0
DA:43,0
DA:46,0
DA:51,0
DA:54,0
DA:57,0
DA:59,0
DA:65,0
DA:68,1
LF:24
LH:4
BRDA:19,0,0,0
BRDA:19,0,1,0
BRDA:32,1,0,0
BRDA:32,1,1,0
BRF:4
BRH:0
end_of_record
TN:
SF:src\utils\loginUtil.js
FN:1,login
FNF:1
FNH:0
FNDA:0,login
DA:2,0
DA:3,0
DA:4,0
DA:6,0
DA:7,0
DA:8,0
DA:9,0
DA:12,0
DA:15,0
LF:9
LH:0
BRF:0
BRH:0
end_of_record
TN:
SF:src\utils\loginUtilsTwo.js
FN:5,loginAndGetToken
FNF:1
FNH:1
FNDA:1,loginAndGetToken
DA:3,1
DA:6,1
DA:8,1
DA:9,1
DA:15,1
DA:17,1
DA:19,0
DA:20,0
DA:24,1
LF:9
LH:7
BRF:0
BRH:0
end_of_record
