TN:
SF:database.js
FN:12,insertUser
FN:32,getUserByUsername
FN:47,deleteUserByUsername
FN:62,deleteUserById
FN:77,updateUserPassword
FNF:5
FNH:5
FNDA:7,insertUser
FNDA:9,getUserByUsername
FNDA:8,deleteUserByUsername
FNDA:4,deleteUserById
FNDA:4,updateUserPassword
DA:2,3
DA:4,3
DA:13,7
DA:15,6
DA:16,6
DA:21,5
DA:22,5
DA:24,1
DA:25,1
DA:27,6
DA:33,9
DA:34,9
DA:36,8
DA:37,6
DA:39,2
DA:42,1
DA:43,1
DA:48,8
DA:49,8
DA:51,7
DA:52,4
DA:54,3
DA:57,1
DA:58,1
DA:63,4
DA:64,4
DA:66,3
DA:67,1
DA:69,2
DA:72,1
DA:73,1
DA:78,4
DA:79,4
DA:80,4
DA:81,3
DA:83,1
DA:84,1
DA:88,3
LF:38
LH:38
BRDA:36,0,0,6
BRDA:36,0,1,2
BRDA:51,1,0,4
BRDA:51,1,1,3
BRDA:66,2,0,1
BRDA:66,2,1,2
BRF:6
BRH:6
end_of_record
TN:
SF:server.js
FN:79,generateToken
FN:97,(anonymous_1)
FN:103,(anonymous_2)
FN:118,(anonymous_3)
FN:129,(anonymous_4)
FN:169,(anonymous_5)
FN:174,(anonymous_6)
FN:184,(anonymous_7)
FN:192,(anonymous_8)
FNF:9
FNH:0
FNDA:0,generateToken
FNDA:0,(anonymous_1)
FNDA:0,(anonymous_2)
FNDA:0,(anonymous_3)
FNDA:0,(anonymous_4)
FNDA:0,(anonymous_5)
FNDA:0,(anonymous_6)
FNDA:0,(anonymous_7)
FNDA:0,(anonymous_8)
DA:2,2
DA:3,2
DA:4,2
DA:5,2
DA:6,2
DA:7,2
DA:8,2
DA:9,2
DA:10,2
DA:11,2
DA:12,2
DA:13,2
DA:17,2
DA:21,2
DA:22,2
DA:25,2
DA:27,2
DA:30,2
DA:65,2
DA:67,2
DA:69,2
DA:71,0
DA:76,2
DA:80,0
DA:87,0
DA:88,0
DA:93,2
DA:94,2
DA:95,2
DA:97,2
DA:99,0
DA:103,2
DA:104,0
DA:107,0
DA:108,0
DA:111,0
DA:113,0
DA:114,0
DA:118,2
DA:119,0
DA:120,0
DA:122,0
DA:123,0
DA:125,0
DA:129,2
DA:130,0
DA:132,0
DA:134,0
DA:136,0
DA:138,0
DA:140,0
DA:142,0
DA:143,0
DA:144,0
DA:145,0
DA:146,0
DA:149,0
DA:151,0
DA:155,0
DA:159,0
DA:162,0
DA:163,0
DA:169,2
DA:170,0
DA:174,2
DA:175,0
DA:176,0
DA:177,0
DA:179,0
DA:180,0
DA:184,2
DA:185,0
DA:186,0
DA:191,2
DA:192,0
DA:193,0
DA:198,2
LF:77
LH:34
BRDA:22,0,0,2
BRDA:22,0,1,2
BRDA:69,1,0,0
BRDA:69,1,1,2
BRDA:69,2,0,2
BRDA:69,2,1,0
BRDA:122,3,0,0
BRDA:122,3,1,0
BRDA:136,4,0,0
BRDA:136,4,1,0
BRDA:136,5,0,0
BRDA:136,5,1,0
BRDA:140,6,0,0
BRDA:140,6,1,0
BRDA:191,7,0,0
BRDA:191,7,1,2
BRF:16
BRH:5
end_of_record
TN:
SF:middleware\authenticate.js
FN:5,getToken
FN:11,extractUserId
FN:27,authenticateToken
FN:36,(anonymous_3)
FNF:4
FNH:2
FNDA:0,getToken
FNDA:0,extractUserId
FNDA:29,authenticateToken
FNDA:29,(anonymous_3)
DA:3,3
DA:7,0
DA:8,0
DA:12,0
DA:13,0
DA:14,0
DA:16,0
DA:17,0
DA:19,0
DA:21,0
DA:22,0
DA:29,29
DA:32,29
DA:33,0
DA:36,29
DA:37,29
DA:38,0
DA:39,0
DA:41,0
DA:43,0
DA:48,29
DA:53,3
LF:22
LH:7
BRDA:13,0,0,0
BRDA:13,0,1,0
BRDA:32,1,0,0
BRDA:32,1,1,29
BRDA:37,2,0,0
BRDA:37,2,1,29
BRDA:38,3,0,0
BRDA:38,3,1,0
BRF:8
BRH:2
end_of_record
TN:
SF:src\routes\bookingRoute.js
FN:10,(anonymous_0)
FN:45,(anonymous_1)
FN:59,(anonymous_2)
FN:80,(anonymous_3)
FN:117,(anonymous_4)
FN:160,(anonymous_5)
FN:173,(anonymous_6)
FNF:7
FNH:7
FNDA:3,(anonymous_0)
FNDA:2,(anonymous_1)
FNDA:2,(anonymous_2)
FNDA:2,(anonymous_3)
FNDA:2,(anonymous_4)
FNDA:2,(anonymous_5)
FNDA:1,(anonymous_6)
DA:3,3
DA:4,3
DA:5,3
DA:10,3
DA:45,3
DA:46,2
DA:48,2
DA:49,1
DA:52,1
DA:54,1
DA:55,1
DA:59,3
DA:60,2
DA:62,2
DA:63,2
DA:64,2
DA:66,2
DA:67,2
DA:68,1
DA:71,1
DA:73,1
DA:74,1
DA:80,3
DA:81,2
DA:83,2
DA:84,2
DA:85,2
DA:89,2
DA:92,2
DA:95,2
DA:101,2
DA:103,1
DA:106,1
DA:109,1
DA:111,1
DA:113,1
DA:117,3
DA:118,2
DA:119,2
DA:122,2
DA:128,2
DA:131,1
DA:133,1
DA:135,1
DA:160,3
DA:161,2
DA:162,2
DA:165,2
DA:172,2
DA:173,1
DA:174,1
DA:176,1
DA:178,1
DA:179,1
DA:185,3
DA:188,3
LF:56
LH:56
BRF:0
BRH:0
end_of_record
TN:
SF:src\routes\courtRoute.js
FN:7,(anonymous_0)
FN:40,(anonymous_1)
FN:47,(anonymous_2)
FN:49,(anonymous_3)
FN:52,(anonymous_4)
FN:70,(anonymous_5)
FN:77,(anonymous_6)
FN:86,(anonymous_7)
FN:101,(anonymous_8)
FN:114,(anonymous_9)
FN:121,(anonymous_10)
FN:131,(anonymous_11)
FN:161,(anonymous_12)
FN:196,(anonymous_13)
FN:216,(anonymous_14)
FN:242,(anonymous_15)
FN:276,(anonymous_16)
FNF:17
FNH:17
FNDA:3,(anonymous_0)
FNDA:1,(anonymous_1)
FNDA:5,(anonymous_2)
FNDA:160,(anonymous_3)
FNDA:19,(anonymous_4)
FNDA:1,(anonymous_5)
FNDA:9,(anonymous_6)
FNDA:2,(anonymous_7)
FNDA:9,(anonymous_8)
FNDA:1,(anonymous_9)
FNDA:9,(anonymous_10)
FNDA:1,(anonymous_11)
FNDA:1,(anonymous_12)
FNDA:1,(anonymous_13)
FNDA:1,(anonymous_14)
FNDA:1,(anonymous_15)
FNDA:1,(anonymous_16)
DA:2,2
DA:3,2
DA:4,2
DA:7,2
DA:40,3
DA:41,1
DA:43,1
DA:44,1
DA:47,1
DA:49,160
DA:52,19
DA:55,5
DA:62,1
DA:64,0
DA:66,0
DA:70,3
DA:71,1
DA:73,1
DA:75,1
DA:77,9
DA:79,1
DA:81,0
DA:82,0
DA:86,3
DA:87,2
DA:88,2
DA:90,2
DA:91,2
DA:94,2
DA:95,1
DA:98,1
DA:101,9
DA:104,1
DA:107,1
DA:109,0
DA:110,0
DA:114,3
DA:115,1
DA:117,1
DA:119,1
DA:121,9
DA:124,1
DA:126,0
DA:127,0
DA:131,3
DA:132,1
DA:133,1
DA:136,1
DA:141,1
DA:147,1
DA:150,1
DA:153,1
DA:155,0
DA:157,0
DA:161,3
DA:162,1
DA:163,1
DA:166,1
DA:169,1
DA:170,1
DA:173,1
DA:176,1
DA:181,1
DA:184,1
DA:187,1
DA:189,0
DA:191,0
DA:196,3
DA:197,1
DA:198,1
DA:200,1
DA:205,1
DA:206,1
DA:209,1
DA:211,0
DA:212,0
DA:216,3
DA:217,1
DA:218,1
DA:219,1
DA:221,1
DA:227,1
DA:228,1
DA:230,1
DA:231,0
DA:235,1
DA:237,0
DA:238,0
DA:242,3
DA:243,1
DA:244,1
DA:245,1
DA:248,1
DA:253,1
DA:254,1
DA:255,2
DA:256,2
DA:257,2
DA:258,1
DA:262,1
DA:265,1
DA:268,1
DA:270,0
DA:271,0
DA:276,3
DA:278,1
DA:279,1
DA:280,1
DA:281,1
DA:284,1
DA:288,1
DA:289,1
DA:293,1
DA:295,0
DA:296,0
DA:302,3
DA:305,2
LF:117
LH:96
BRDA:94,0,0,1
BRDA:94,0,1,1
BRDA:230,1,0,0
BRDA:230,1,1,1
BRDA:257,2,0,1
BRDA:257,2,1,1
BRF:6
BRH:5
end_of_record
TN:
SF:src\routes\userRoute.js
FN:38,(anonymous_0)
FN:42,(anonymous_1)
FN:75,(anonymous_2)
FN:89,(anonymous_3)
FN:109,(anonymous_4)
FN:125,(anonymous_5)
FN:140,(anonymous_6)
FNF:7
FNH:7
FNDA:2,(anonymous_0)
FNDA:1,(anonymous_1)
FNDA:1,(anonymous_2)
FNDA:1,(anonymous_3)
FNDA:1,(anonymous_4)
FNDA:2,(anonymous_5)
FNDA:5,(anonymous_6)
DA:2,2
DA:3,2
DA:4,2
DA:5,2
DA:6,2
DA:38,2
DA:42,2
DA:43,1
DA:45,1
DA:46,1
DA:49,1
DA:51,0
DA:52,0
DA:75,2
DA:76,1
DA:78,1
DA:79,1
DA:82,1
DA:84,0
DA:85,0
DA:89,2
DA:90,1
DA:92,1
DA:94,1
DA:96,1
DA:97,1
DA:98,1
DA:100,0
DA:103,0
DA:104,0
DA:109,2
DA:110,1
DA:111,1
DA:113,1
DA:114,1
DA:115,1
DA:118,1
DA:120,0
DA:121,0
DA:125,2
DA:126,2
DA:127,2
DA:128,2
DA:129,1
DA:133,1
DA:135,0
DA:136,0
DA:140,2
DA:141,5
DA:143,5
DA:145,5
DA:147,5
DA:149,4
DA:151,4
DA:153,3
DA:155,2
DA:159,2
DA:162,2
DA:165,1
DA:169,1
DA:173,1
DA:177,0
DA:178,0
DA:183,2
DA:188,2
LF:65
LH:52
BRDA:96,0,0,1
BRDA:96,0,1,0
BRDA:128,1,0,1
BRDA:128,1,1,1
BRDA:147,2,0,4
BRDA:147,2,1,1
BRDA:147,3,0,5
BRDA:147,3,1,4
BRDA:151,4,0,3
BRDA:151,4,1,1
BRDA:153,5,0,2
BRDA:153,5,1,1
BRF:12
BRH:11
end_of_record
TN:
SF:src\utils\authUtils.js
FN:7,setTokenAndExpiration
FN:18,isTokenExpired
FN:31,checkTokenExpiration
FN:40,logout
FN:50,startInactivityTimer
FN:57,(anonymous_5)
FN:64,resetInactivityTimer
FNF:7
FNH:7
FNDA:6,setTokenAndExpiration
FNDA:9,isTokenExpired
FNDA:2,checkTokenExpiration
FNDA:3,logout
FNDA:9,startInactivityTimer
FNDA:1,(anonymous_5)
FNDA:2,resetInactivityTimer
DA:2,3
DA:3,3
DA:4,3
DA:8,6
DA:9,6
DA:11,6
DA:14,6
DA:19,9
DA:20,3
DA:24,6
DA:25,6
DA:27,6
DA:32,2
DA:33,1
DA:35,1
DA:41,3
DA:43,3
DA:46,3
DA:51,9
DA:54,9
DA:57,9
DA:59,1
DA:65,2
DA:68,3
LF:24
LH:24
BRDA:19,0,0,3
BRDA:19,0,1,6
BRDA:32,1,0,1
BRDA:32,1,1,1
BRF:4
BRH:4
end_of_record
TN:
SF:src\utils\loginUtilsTwo.js
FN:5,loginAndGetToken
FNF:1
FNH:1
FNDA:6,loginAndGetToken
DA:3,4
DA:6,6
DA:8,6
DA:9,6
DA:14,5
DA:15,4
DA:17,1
DA:20,2
DA:21,1
DA:23,1
DA:24,1
DA:28,4
LF:12
LH:12
BRDA:14,0,0,4
BRDA:14,0,1,1
BRDA:14,1,0,5
BRDA:14,1,1,5
BRDA:14,1,2,5
BRDA:20,2,0,1
BRDA:20,2,1,1
BRDA:20,3,0,2
BRDA:20,3,1,1
BRF:9
BRH:9
end_of_record
